<?xml version="1.0" encoding="utf-8"?>
<test-run id="2" name="Open-Lab-01.01.dll" fullname="C:/Users/onkom/Documents/openlab/1.0/1.01/Open-Lab-01.01/bin/Debug/netcoreapp3.0/Open-Lab-01.01.dll" testcasecount="201" result="Passed" start-time="2021-09-30 18:24:59Z" end-time="2021-09-30 18:24:59Z" duration="0.266830" total="201" passed="201" failed="0" inconclusive="0" skipped="0" asserts="201" random-seed="421621363">
  <command-line><![CDATA[C:\Users\onkom\Documents\openlab\1.0\1.01\Open-Lab-01.01\bin\Debug\netcoreapp3.0\Open-Lab-01.01.dll]]></command-line>
  <filter />
  <test-suite type="Assembly" id="1204" name="Open-Lab-01.01.dll" fullname="C:/Users/onkom/Documents/openlab/1.0/1.01/Open-Lab-01.01/bin/Debug/netcoreapp3.0/Open-Lab-01.01.dll" runstate="Runnable" testcasecount="201" result="Passed" start-time="2021-09-30 18:24:59Z" end-time="2021-09-30 18:24:59Z" duration="0.266830" total="201" passed="201" failed="0" warnings="0" inconclusive="0" skipped="0" asserts="201">
    <environment framework-version="3.12.0.0" clr-version="3.1.19" os-version="Microsoft Windows 10.0.19042" platform="Win32NT" cwd="C:\Users\onkom\Documents\openlab\1.0\1.01\Open-Lab-01.01\bin\Debug\netcoreapp3.0" machine-name="DESKTOP-7OQAPDJ" user="onkom" user-domain="DESKTOP-7OQAPDJ" culture="en-US" uiculture="en-US" os-architecture="x64" />
    <settings>
      <setting name="WorkDirectory" value="C:\Users\onkom\Documents\openlab\1.0\1.01\Open-Lab-01.01\bin\Debug\netcoreapp3.0" />
      <setting name="NumberOfTestWorkers" value="4" />
    </settings>
    <properties>
      <property name="_PID" value="11916" />
      <property name="_APPDOMAIN" value="Open-Lab-01.01" />
    </properties>
    <test-suite type="TestSuite" id="1205" name="Open_Lab_01" fullname="Open_Lab_01" runstate="Runnable" testcasecount="201" result="Passed" start-time="2021-09-30 18:24:59Z" end-time="2021-09-30 18:24:59Z" duration="0.214807" total="201" passed="201" failed="0" warnings="0" inconclusive="0" skipped="0" asserts="201">
      <test-suite type="TestSuite" id="1206" name="_01" fullname="Open_Lab_01._01" runstate="Runnable" testcasecount="201" result="Passed" start-time="2021-09-30 18:24:59Z" end-time="2021-09-30 18:24:59Z" duration="0.173662" total="201" passed="201" failed="0" warnings="0" inconclusive="0" skipped="0" asserts="201">
        <test-suite type="TestFixture" id="1000" name="Tests" fullname="Open_Lab_01._01.Tests" classname="Open_Lab_01._01.Tests" runstate="Runnable" testcasecount="201" result="Passed" start-time="2021-09-30 18:24:59Z" end-time="2021-09-30 18:24:59Z" duration="0.156772" total="201" passed="201" failed="0" warnings="0" inconclusive="0" skipped="0" asserts="201">
          <test-suite type="ParameterizedMethod" id="1092" name="ExpectedFalse" fullname="Open_Lab_01._01.Tests.ExpectedFalse" classname="Open_Lab_01._01.Tests" runstate="Runnable" testcasecount="91" result="Passed" start-time="2021-09-30 18:24:59Z" end-time="2021-09-30 18:24:59Z" duration="0.123652" total="91" passed="91" failed="0" warnings="0" inconclusive="0" skipped="0" asserts="91">
            <test-case id="1001" name="ExpectedFalse(10)" fullname="Open_Lab_01._01.Tests.ExpectedFalse(10)" methodname="ExpectedFalse" classname="Open_Lab_01._01.Tests" runstate="Runnable" seed="377479941" result="Passed" start-time="2021-09-30 18:24:59Z" end-time="2021-09-30 18:24:59Z" duration="0.027538" asserts="1" />
            <test-case id="1002" name="ExpectedFalse(11)" fullname="Open_Lab_01._01.Tests.ExpectedFalse(11)" methodname="ExpectedFalse" classname="Open_Lab_01._01.Tests" runstate="Runnable" seed="1255759634" result="Passed" start-time="2021-09-30 18:24:59Z" end-time="2021-09-30 18:24:59Z" duration="0.000249" asserts="1" />
            <test-case id="1003" name="ExpectedFalse(12)" fullname="Open_Lab_01._01.Tests.ExpectedFalse(12)" methodname="ExpectedFalse" classname="Open_Lab_01._01.Tests" runstate="Runnable" seed="203059138" result="Passed" start-time="2021-09-30 18:24:59Z" end-time="2021-09-30 18:24:59Z" duration="0.000360" asserts="1" />
            <test-case id="1004" name="ExpectedFalse(13)" fullname="Open_Lab_01._01.Tests.ExpectedFalse(13)" methodname="ExpectedFalse" classname="Open_Lab_01._01.Tests" runstate="Runnable" seed="1010384846" result="Passed" start-time="2021-09-30 18:24:59Z" end-time="2021-09-30 18:24:59Z" duration="0.000175" asserts="1" />
            <test-case id="1005" name="ExpectedFalse(14)" fullname="Open_Lab_01._01.Tests.ExpectedFalse(14)" methodname="ExpectedFalse" classname="Open_Lab_01._01.Tests" runstate="Runnable" seed="1587343615" result="Passed" start-time="2021-09-30 18:24:59Z" end-time="2021-09-30 18:24:59Z" duration="0.000242" asserts="1" />
            <test-case id="1006" name="ExpectedFalse(15)" fullname="Open_Lab_01._01.Tests.ExpectedFalse(15)" methodname="ExpectedFalse" classname="Open_Lab_01._01.Tests" runstate="Runnable" seed="745509888" result="Passed" start-time="2021-09-30 18:24:59Z" end-time="2021-09-30 18:24:59Z" duration="0.000254" asserts="1" />
            <test-case id="1007" name="ExpectedFalse(16)" fullname="Open_Lab_01._01.Tests.ExpectedFalse(16)" methodname="ExpectedFalse" classname="Open_Lab_01._01.Tests" runstate="Runnable" seed="224663306" result="Passed" start-time="2021-09-30 18:24:59Z" end-time="2021-09-30 18:24:59Z" duration="0.000195" asserts="1" />
            <test-case id="1008" name="ExpectedFalse(17)" fullname="Open_Lab_01._01.Tests.ExpectedFalse(17)" methodname="ExpectedFalse" classname="Open_Lab_01._01.Tests" runstate="Runnable" seed="1500928901" result="Passed" start-time="2021-09-30 18:24:59Z" end-time="2021-09-30 18:24:59Z" duration="0.000117" asserts="1" />
            <test-case id="1009" name="ExpectedFalse(18)" fullname="Open_Lab_01._01.Tests.ExpectedFalse(18)" methodname="ExpectedFalse" classname="Open_Lab_01._01.Tests" runstate="Runnable" seed="1617678671" result="Passed" start-time="2021-09-30 18:24:59Z" end-time="2021-09-30 18:24:59Z" duration="0.000062" asserts="1" />
            <test-case id="1010" name="ExpectedFalse(19)" fullname="Open_Lab_01._01.Tests.ExpectedFalse(19)" methodname="ExpectedFalse" classname="Open_Lab_01._01.Tests" runstate="Runnable" seed="307269838" result="Passed" start-time="2021-09-30 18:24:59Z" end-time="2021-09-30 18:24:59Z" duration="0.000070" asserts="1" />
            <test-case id="1011" name="ExpectedFalse(20)" fullname="Open_Lab_01._01.Tests.ExpectedFalse(20)" methodname="ExpectedFalse" classname="Open_Lab_01._01.Tests" runstate="Runnable" seed="1468501980" result="Passed" start-time="2021-09-30 18:24:59Z" end-time="2021-09-30 18:24:59Z" duration="0.000109" asserts="1" />
            <test-case id="1012" name="ExpectedFalse(21)" fullname="Open_Lab_01._01.Tests.ExpectedFalse(21)" methodname="ExpectedFalse" classname="Open_Lab_01._01.Tests" runstate="Runnable" seed="450514381" result="Passed" start-time="2021-09-30 18:24:59Z" end-time="2021-09-30 18:24:59Z" duration="0.000096" asserts="1" />
            <test-case id="1013" name="ExpectedFalse(22)" fullname="Open_Lab_01._01.Tests.ExpectedFalse(22)" methodname="ExpectedFalse" classname="Open_Lab_01._01.Tests" runstate="Runnable" seed="1431586651" result="Passed" start-time="2021-09-30 18:24:59Z" end-time="2021-09-30 18:24:59Z" duration="0.000080" asserts="1" />
            <test-case id="1014" name="ExpectedFalse(23)" fullname="Open_Lab_01._01.Tests.ExpectedFalse(23)" methodname="ExpectedFalse" classname="Open_Lab_01._01.Tests" runstate="Runnable" seed="692885211" result="Passed" start-time="2021-09-30 18:24:59Z" end-time="2021-09-30 18:24:59Z" duration="0.000073" asserts="1" />
            <test-case id="1015" name="ExpectedFalse(24)" fullname="Open_Lab_01._01.Tests.ExpectedFalse(24)" methodname="ExpectedFalse" classname="Open_Lab_01._01.Tests" runstate="Runnable" seed="496295615" result="Passed" start-time="2021-09-30 18:24:59Z" end-time="2021-09-30 18:24:59Z" duration="0.000100" asserts="1" />
            <test-case id="1016" name="ExpectedFalse(25)" fullname="Open_Lab_01._01.Tests.ExpectedFalse(25)" methodname="ExpectedFalse" classname="Open_Lab_01._01.Tests" runstate="Runnable" seed="1233665848" result="Passed" start-time="2021-09-30 18:24:59Z" end-time="2021-09-30 18:24:59Z" duration="0.000080" asserts="1" />
            <test-case id="1017" name="ExpectedFalse(26)" fullname="Open_Lab_01._01.Tests.ExpectedFalse(26)" methodname="ExpectedFalse" classname="Open_Lab_01._01.Tests" runstate="Runnable" seed="1021828157" result="Passed" start-time="2021-09-30 18:24:59Z" end-time="2021-09-30 18:24:59Z" duration="0.000099" asserts="1" />
            <test-case id="1018" name="ExpectedFalse(27)" fullname="Open_Lab_01._01.Tests.ExpectedFalse(27)" methodname="ExpectedFalse" classname="Open_Lab_01._01.Tests" runstate="Runnable" seed="2130838982" result="Passed" start-time="2021-09-30 18:24:59Z" end-time="2021-09-30 18:24:59Z" duration="0.000138" asserts="1" />
            <test-case id="1019" name="ExpectedFalse(28)" fullname="Open_Lab_01._01.Tests.ExpectedFalse(28)" methodname="ExpectedFalse" classname="Open_Lab_01._01.Tests" runstate="Runnable" seed="1747837233" result="Passed" start-time="2021-09-30 18:24:59Z" end-time="2021-09-30 18:24:59Z" duration="0.000846" asserts="1" />
            <test-case id="1020" name="ExpectedFalse(29)" fullname="Open_Lab_01._01.Tests.ExpectedFalse(29)" methodname="ExpectedFalse" classname="Open_Lab_01._01.Tests" runstate="Runnable" seed="840060954" result="Passed" start-time="2021-09-30 18:24:59Z" end-time="2021-09-30 18:24:59Z" duration="0.000118" asserts="1" />
            <test-case id="1021" name="ExpectedFalse(30)" fullname="Open_Lab_01._01.Tests.ExpectedFalse(30)" methodname="ExpectedFalse" classname="Open_Lab_01._01.Tests" runstate="Runnable" seed="1393133289" result="Passed" start-time="2021-09-30 18:24:59Z" end-time="2021-09-30 18:24:59Z" duration="0.000190" asserts="1" />
            <test-case id="1022" name="ExpectedFalse(31)" fullname="Open_Lab_01._01.Tests.ExpectedFalse(31)" methodname="ExpectedFalse" classname="Open_Lab_01._01.Tests" runstate="Runnable" seed="420415773" result="Passed" start-time="2021-09-30 18:24:59Z" end-time="2021-09-30 18:24:59Z" duration="0.000103" asserts="1" />
            <test-case id="1023" name="ExpectedFalse(32)" fullname="Open_Lab_01._01.Tests.ExpectedFalse(32)" methodname="ExpectedFalse" classname="Open_Lab_01._01.Tests" runstate="Runnable" seed="117262635" result="Passed" start-time="2021-09-30 18:24:59Z" end-time="2021-09-30 18:24:59Z" duration="0.000076" asserts="1" />
            <test-case id="1024" name="ExpectedFalse(33)" fullname="Open_Lab_01._01.Tests.ExpectedFalse(33)" methodname="ExpectedFalse" classname="Open_Lab_01._01.Tests" runstate="Runnable" seed="833122270" result="Passed" start-time="2021-09-30 18:24:59Z" end-time="2021-09-30 18:24:59Z" duration="0.000107" asserts="1" />
            <test-case id="1025" name="ExpectedFalse(34)" fullname="Open_Lab_01._01.Tests.ExpectedFalse(34)" methodname="ExpectedFalse" classname="Open_Lab_01._01.Tests" runstate="Runnable" seed="759478172" result="Passed" start-time="2021-09-30 18:24:59Z" end-time="2021-09-30 18:24:59Z" duration="0.000078" asserts="1" />
            <test-case id="1026" name="ExpectedFalse(35)" fullname="Open_Lab_01._01.Tests.ExpectedFalse(35)" methodname="ExpectedFalse" classname="Open_Lab_01._01.Tests" runstate="Runnable" seed="500134390" result="Passed" start-time="2021-09-30 18:24:59Z" end-time="2021-09-30 18:24:59Z" duration="0.000119" asserts="1" />
            <test-case id="1027" name="ExpectedFalse(36)" fullname="Open_Lab_01._01.Tests.ExpectedFalse(36)" methodname="ExpectedFalse" classname="Open_Lab_01._01.Tests" runstate="Runnable" seed="768243642" result="Passed" start-time="2021-09-30 18:24:59Z" end-time="2021-09-30 18:24:59Z" duration="0.000081" asserts="1" />
            <test-case id="1028" name="ExpectedFalse(37)" fullname="Open_Lab_01._01.Tests.ExpectedFalse(37)" methodname="ExpectedFalse" classname="Open_Lab_01._01.Tests" runstate="Runnable" seed="442384898" result="Passed" start-time="2021-09-30 18:24:59Z" end-time="2021-09-30 18:24:59Z" duration="0.000098" asserts="1" />
            <test-case id="1029" name="ExpectedFalse(38)" fullname="Open_Lab_01._01.Tests.ExpectedFalse(38)" methodname="ExpectedFalse" classname="Open_Lab_01._01.Tests" runstate="Runnable" seed="375378881" result="Passed" start-time="2021-09-30 18:24:59Z" end-time="2021-09-30 18:24:59Z" duration="0.000091" asserts="1" />
            <test-case id="1030" name="ExpectedFalse(39)" fullname="Open_Lab_01._01.Tests.ExpectedFalse(39)" methodname="ExpectedFalse" classname="Open_Lab_01._01.Tests" runstate="Runnable" seed="855102592" result="Passed" start-time="2021-09-30 18:24:59Z" end-time="2021-09-30 18:24:59Z" duration="0.000188" asserts="1" />
            <test-case id="1031" name="ExpectedFalse(40)" fullname="Open_Lab_01._01.Tests.ExpectedFalse(40)" methodname="ExpectedFalse" classname="Open_Lab_01._01.Tests" runstate="Runnable" seed="2143541071" result="Passed" start-time="2021-09-30 18:24:59Z" end-time="2021-09-30 18:24:59Z" duration="0.000222" asserts="1" />
            <test-case id="1032" name="ExpectedFalse(41)" fullname="Open_Lab_01._01.Tests.ExpectedFalse(41)" methodname="ExpectedFalse" classname="Open_Lab_01._01.Tests" runstate="Runnable" seed="327335800" result="Passed" start-time="2021-09-30 18:24:59Z" end-time="2021-09-30 18:24:59Z" duration="0.000153" asserts="1" />
            <test-case id="1033" name="ExpectedFalse(42)" fullname="Open_Lab_01._01.Tests.ExpectedFalse(42)" methodname="ExpectedFalse" classname="Open_Lab_01._01.Tests" runstate="Runnable" seed="643900120" result="Passed" start-time="2021-09-30 18:24:59Z" end-time="2021-09-30 18:24:59Z" duration="0.000219" asserts="1" />
            <test-case id="1034" name="ExpectedFalse(43)" fullname="Open_Lab_01._01.Tests.ExpectedFalse(43)" methodname="ExpectedFalse" classname="Open_Lab_01._01.Tests" runstate="Runnable" seed="1802855503" result="Passed" start-time="2021-09-30 18:24:59Z" end-time="2021-09-30 18:24:59Z" duration="0.000158" asserts="1" />
            <test-case id="1035" name="ExpectedFalse(44)" fullname="Open_Lab_01._01.Tests.ExpectedFalse(44)" methodname="ExpectedFalse" classname="Open_Lab_01._01.Tests" runstate="Runnable" seed="926999884" result="Passed" start-time="2021-09-30 18:24:59Z" end-time="2021-09-30 18:24:59Z" duration="0.000196" asserts="1" />
            <test-case id="1036" name="ExpectedFalse(45)" fullname="Open_Lab_01._01.Tests.ExpectedFalse(45)" methodname="ExpectedFalse" classname="Open_Lab_01._01.Tests" runstate="Runnable" seed="1683154893" result="Passed" start-time="2021-09-30 18:24:59Z" end-time="2021-09-30 18:24:59Z" duration="0.000097" asserts="1" />
            <test-case id="1037" name="ExpectedFalse(46)" fullname="Open_Lab_01._01.Tests.ExpectedFalse(46)" methodname="ExpectedFalse" classname="Open_Lab_01._01.Tests" runstate="Runnable" seed="1929073062" result="Passed" start-time="2021-09-30 18:24:59Z" end-time="2021-09-30 18:24:59Z" duration="0.000099" asserts="1" />
            <test-case id="1038" name="ExpectedFalse(47)" fullname="Open_Lab_01._01.Tests.ExpectedFalse(47)" methodname="ExpectedFalse" classname="Open_Lab_01._01.Tests" runstate="Runnable" seed="1548443025" result="Passed" start-time="2021-09-30 18:24:59Z" end-time="2021-09-30 18:24:59Z" duration="0.000072" asserts="1" />
            <test-case id="1039" name="ExpectedFalse(48)" fullname="Open_Lab_01._01.Tests.ExpectedFalse(48)" methodname="ExpectedFalse" classname="Open_Lab_01._01.Tests" runstate="Runnable" seed="869958712" result="Passed" start-time="2021-09-30 18:24:59Z" end-time="2021-09-30 18:24:59Z" duration="0.000085" asserts="1" />
            <test-case id="1040" name="ExpectedFalse(49)" fullname="Open_Lab_01._01.Tests.ExpectedFalse(49)" methodname="ExpectedFalse" classname="Open_Lab_01._01.Tests" runstate="Runnable" seed="107351619" result="Passed" start-time="2021-09-30 18:24:59Z" end-time="2021-09-30 18:24:59Z" duration="0.000079" asserts="1" />
            <test-case id="1041" name="ExpectedFalse(50)" fullname="Open_Lab_01._01.Tests.ExpectedFalse(50)" methodname="ExpectedFalse" classname="Open_Lab_01._01.Tests" runstate="Runnable" seed="405225234" result="Passed" start-time="2021-09-30 18:24:59Z" end-time="2021-09-30 18:24:59Z" duration="0.000072" asserts="1" />
            <test-case id="1042" name="ExpectedFalse(51)" fullname="Open_Lab_01._01.Tests.ExpectedFalse(51)" methodname="ExpectedFalse" classname="Open_Lab_01._01.Tests" runstate="Runnable" seed="1644333000" result="Passed" start-time="2021-09-30 18:24:59Z" end-time="2021-09-30 18:24:59Z" duration="0.000157" asserts="1" />
            <test-case id="1043" name="ExpectedFalse(52)" fullname="Open_Lab_01._01.Tests.ExpectedFalse(52)" methodname="ExpectedFalse" classname="Open_Lab_01._01.Tests" runstate="Runnable" seed="1574500771" result="Passed" start-time="2021-09-30 18:24:59Z" end-time="2021-09-30 18:24:59Z" duration="0.000056" asserts="1" />
            <test-case id="1044" name="ExpectedFalse(53)" fullname="Open_Lab_01._01.Tests.ExpectedFalse(53)" methodname="ExpectedFalse" classname="Open_Lab_01._01.Tests" runstate="Runnable" seed="1243518681" result="Passed" start-time="2021-09-30 18:24:59Z" end-time="2021-09-30 18:24:59Z" duration="0.000162" asserts="1" />
            <test-case id="1045" name="ExpectedFalse(54)" fullname="Open_Lab_01._01.Tests.ExpectedFalse(54)" methodname="ExpectedFalse" classname="Open_Lab_01._01.Tests" runstate="Runnable" seed="534981640" result="Passed" start-time="2021-09-30 18:24:59Z" end-time="2021-09-30 18:24:59Z" duration="0.000079" asserts="1" />
            <test-case id="1046" name="ExpectedFalse(55)" fullname="Open_Lab_01._01.Tests.ExpectedFalse(55)" methodname="ExpectedFalse" classname="Open_Lab_01._01.Tests" runstate="Runnable" seed="1477513139" result="Passed" start-time="2021-09-30 18:24:59Z" end-time="2021-09-30 18:24:59Z" duration="0.000094" asserts="1" />
            <test-case id="1047" name="ExpectedFalse(56)" fullname="Open_Lab_01._01.Tests.ExpectedFalse(56)" methodname="ExpectedFalse" classname="Open_Lab_01._01.Tests" runstate="Runnable" seed="1320987202" result="Passed" start-time="2021-09-30 18:24:59Z" end-time="2021-09-30 18:24:59Z" duration="0.000062" asserts="1" />
            <test-case id="1048" name="ExpectedFalse(57)" fullname="Open_Lab_01._01.Tests.ExpectedFalse(57)" methodname="ExpectedFalse" classname="Open_Lab_01._01.Tests" runstate="Runnable" seed="1886528640" result="Passed" start-time="2021-09-30 18:24:59Z" end-time="2021-09-30 18:24:59Z" duration="0.000072" asserts="1" />
            <test-case id="1049" name="ExpectedFalse(58)" fullname="Open_Lab_01._01.Tests.ExpectedFalse(58)" methodname="ExpectedFalse" classname="Open_Lab_01._01.Tests" runstate="Runnable" seed="2014006941" result="Passed" start-time="2021-09-30 18:24:59Z" end-time="2021-09-30 18:24:59Z" duration="0.000205" asserts="1" />
            <test-case id="1050" name="ExpectedFalse(59)" fullname="Open_Lab_01._01.Tests.ExpectedFalse(59)" methodname="ExpectedFalse" classname="Open_Lab_01._01.Tests" runstate="Runnable" seed="1670750424" result="Passed" start-time="2021-09-30 18:24:59Z" end-time="2021-09-30 18:24:59Z" duration="0.000088" asserts="1" />
            <test-case id="1051" name="ExpectedFalse(60)" fullname="Open_Lab_01._01.Tests.ExpectedFalse(60)" methodname="ExpectedFalse" classname="Open_Lab_01._01.Tests" runstate="Runnable" seed="1515271495" result="Passed" start-time="2021-09-30 18:24:59Z" end-time="2021-09-30 18:24:59Z" duration="0.000090" asserts="1" />
            <test-case id="1052" name="ExpectedFalse(61)" fullname="Open_Lab_01._01.Tests.ExpectedFalse(61)" methodname="ExpectedFalse" classname="Open_Lab_01._01.Tests" runstate="Runnable" seed="155883035" result="Passed" start-time="2021-09-30 18:24:59Z" end-time="2021-09-30 18:24:59Z" duration="0.000070" asserts="1" />
            <test-case id="1053" name="ExpectedFalse(62)" fullname="Open_Lab_01._01.Tests.ExpectedFalse(62)" methodname="ExpectedFalse" classname="Open_Lab_01._01.Tests" runstate="Runnable" seed="42533558" result="Passed" start-time="2021-09-30 18:24:59Z" end-time="2021-09-30 18:24:59Z" duration="0.000085" asserts="1" />
            <test-case id="1054" name="ExpectedFalse(63)" fullname="Open_Lab_01._01.Tests.ExpectedFalse(63)" methodname="ExpectedFalse" classname="Open_Lab_01._01.Tests" runstate="Runnable" seed="2094952741" result="Passed" start-time="2021-09-30 18:24:59Z" end-time="2021-09-30 18:24:59Z" duration="0.000150" asserts="1" />
            <test-case id="1055" name="ExpectedFalse(64)" fullname="Open_Lab_01._01.Tests.ExpectedFalse(64)" methodname="ExpectedFalse" classname="Open_Lab_01._01.Tests" runstate="Runnable" seed="1718880027" result="Passed" start-time="2021-09-30 18:24:59Z" end-time="2021-09-30 18:24:59Z" duration="0.000122" asserts="1" />
            <test-case id="1056" name="ExpectedFalse(65)" fullname="Open_Lab_01._01.Tests.ExpectedFalse(65)" methodname="ExpectedFalse" classname="Open_Lab_01._01.Tests" runstate="Runnable" seed="2104547815" result="Passed" start-time="2021-09-30 18:24:59Z" end-time="2021-09-30 18:24:59Z" duration="0.000117" asserts="1" />
            <test-case id="1057" name="ExpectedFalse(66)" fullname="Open_Lab_01._01.Tests.ExpectedFalse(66)" methodname="ExpectedFalse" classname="Open_Lab_01._01.Tests" runstate="Runnable" seed="1138496999" result="Passed" start-time="2021-09-30 18:24:59Z" end-time="2021-09-30 18:24:59Z" duration="0.000071" asserts="1" />
            <test-case id="1058" name="ExpectedFalse(67)" fullname="Open_Lab_01._01.Tests.ExpectedFalse(67)" methodname="ExpectedFalse" classname="Open_Lab_01._01.Tests" runstate="Runnable" seed="1517420515" result="Passed" start-time="2021-09-30 18:24:59Z" end-time="2021-09-30 18:24:59Z" duration="0.000125" asserts="1" />
            <test-case id="1059" name="ExpectedFalse(68)" fullname="Open_Lab_01._01.Tests.ExpectedFalse(68)" methodname="ExpectedFalse" classname="Open_Lab_01._01.Tests" runstate="Runnable" seed="250906674" result="Passed" start-time="2021-09-30 18:24:59Z" end-time="2021-09-30 18:24:59Z" duration="0.000088" asserts="1" />
            <test-case id="1060" name="ExpectedFalse(69)" fullname="Open_Lab_01._01.Tests.ExpectedFalse(69)" methodname="ExpectedFalse" classname="Open_Lab_01._01.Tests" runstate="Runnable" seed="1087209225" result="Passed" start-time="2021-09-30 18:24:59Z" end-time="2021-09-30 18:24:59Z" duration="0.000106" asserts="1" />
            <test-case id="1061" name="ExpectedFalse(70)" fullname="Open_Lab_01._01.Tests.ExpectedFalse(70)" methodname="ExpectedFalse" classname="Open_Lab_01._01.Tests" runstate="Runnable" seed="2124749893" result="Passed" start-time="2021-09-30 18:24:59Z" end-time="2021-09-30 18:24:59Z" duration="0.000074" asserts="1" />
            <test-case id="1062" name="ExpectedFalse(71)" fullname="Open_Lab_01._01.Tests.ExpectedFalse(71)" methodname="ExpectedFalse" classname="Open_Lab_01._01.Tests" runstate="Runnable" seed="1929762055" result="Passed" start-time="2021-09-30 18:24:59Z" end-time="2021-09-30 18:24:59Z" duration="0.000109" asserts="1" />
            <test-case id="1063" name="ExpectedFalse(72)" fullname="Open_Lab_01._01.Tests.ExpectedFalse(72)" methodname="ExpectedFalse" classname="Open_Lab_01._01.Tests" runstate="Runnable" seed="1125550020" result="Passed" start-time="2021-09-30 18:24:59Z" end-time="2021-09-30 18:24:59Z" duration="0.000074" asserts="1" />
            <test-case id="1064" name="ExpectedFalse(73)" fullname="Open_Lab_01._01.Tests.ExpectedFalse(73)" methodname="ExpectedFalse" classname="Open_Lab_01._01.Tests" runstate="Runnable" seed="762576079" result="Passed" start-time="2021-09-30 18:24:59Z" end-time="2021-09-30 18:24:59Z" duration="0.000314" asserts="1" />
            <test-case id="1065" name="ExpectedFalse(74)" fullname="Open_Lab_01._01.Tests.ExpectedFalse(74)" methodname="ExpectedFalse" classname="Open_Lab_01._01.Tests" runstate="Runnable" seed="311212414" result="Passed" start-time="2021-09-30 18:24:59Z" end-time="2021-09-30 18:24:59Z" duration="0.000201" asserts="1" />
            <test-case id="1066" name="ExpectedFalse(75)" fullname="Open_Lab_01._01.Tests.ExpectedFalse(75)" methodname="ExpectedFalse" classname="Open_Lab_01._01.Tests" runstate="Runnable" seed="1141166180" result="Passed" start-time="2021-09-30 18:24:59Z" end-time="2021-09-30 18:24:59Z" duration="0.000115" asserts="1" />
            <test-case id="1067" name="ExpectedFalse(76)" fullname="Open_Lab_01._01.Tests.ExpectedFalse(76)" methodname="ExpectedFalse" classname="Open_Lab_01._01.Tests" runstate="Runnable" seed="1954097908" result="Passed" start-time="2021-09-30 18:24:59Z" end-time="2021-09-30 18:24:59Z" duration="0.000084" asserts="1" />
            <test-case id="1068" name="ExpectedFalse(77)" fullname="Open_Lab_01._01.Tests.ExpectedFalse(77)" methodname="ExpectedFalse" classname="Open_Lab_01._01.Tests" runstate="Runnable" seed="1776214795" result="Passed" start-time="2021-09-30 18:24:59Z" end-time="2021-09-30 18:24:59Z" duration="0.000069" asserts="1" />
            <test-case id="1069" name="ExpectedFalse(78)" fullname="Open_Lab_01._01.Tests.ExpectedFalse(78)" methodname="ExpectedFalse" classname="Open_Lab_01._01.Tests" runstate="Runnable" seed="1913368974" result="Passed" start-time="2021-09-30 18:24:59Z" end-time="2021-09-30 18:24:59Z" duration="0.000093" asserts="1" />
            <test-case id="1070" name="ExpectedFalse(79)" fullname="Open_Lab_01._01.Tests.ExpectedFalse(79)" methodname="ExpectedFalse" classname="Open_Lab_01._01.Tests" runstate="Runnable" seed="960624369" result="Passed" start-time="2021-09-30 18:24:59Z" end-time="2021-09-30 18:24:59Z" duration="0.001519" asserts="1" />
            <test-case id="1071" name="ExpectedFalse(80)" fullname="Open_Lab_01._01.Tests.ExpectedFalse(80)" methodname="ExpectedFalse" classname="Open_Lab_01._01.Tests" runstate="Runnable" seed="1452076433" result="Passed" start-time="2021-09-30 18:24:59Z" end-time="2021-09-30 18:24:59Z" duration="0.000112" asserts="1" />
            <test-case id="1072" name="ExpectedFalse(81)" fullname="Open_Lab_01._01.Tests.ExpectedFalse(81)" methodname="ExpectedFalse" classname="Open_Lab_01._01.Tests" runstate="Runnable" seed="1620868779" result="Passed" start-time="2021-09-30 18:24:59Z" end-time="2021-09-30 18:24:59Z" duration="0.000048" asserts="1" />
            <test-case id="1073" name="ExpectedFalse(82)" fullname="Open_Lab_01._01.Tests.ExpectedFalse(82)" methodname="ExpectedFalse" classname="Open_Lab_01._01.Tests" runstate="Runnable" seed="1260880270" result="Passed" start-time="2021-09-30 18:24:59Z" end-time="2021-09-30 18:24:59Z" duration="0.000059" asserts="1" />
            <test-case id="1074" name="ExpectedFalse(83)" fullname="Open_Lab_01._01.Tests.ExpectedFalse(83)" methodname="ExpectedFalse" classname="Open_Lab_01._01.Tests" runstate="Runnable" seed="1640485614" result="Passed" start-time="2021-09-30 18:24:59Z" end-time="2021-09-30 18:24:59Z" duration="0.000044" asserts="1" />
            <test-case id="1075" name="ExpectedFalse(84)" fullname="Open_Lab_01._01.Tests.ExpectedFalse(84)" methodname="ExpectedFalse" classname="Open_Lab_01._01.Tests" runstate="Runnable" seed="434835720" result="Passed" start-time="2021-09-30 18:24:59Z" end-time="2021-09-30 18:24:59Z" duration="0.000044" asserts="1" />
            <test-case id="1076" name="ExpectedFalse(85)" fullname="Open_Lab_01._01.Tests.ExpectedFalse(85)" methodname="ExpectedFalse" classname="Open_Lab_01._01.Tests" runstate="Runnable" seed="1896283936" result="Passed" start-time="2021-09-30 18:24:59Z" end-time="2021-09-30 18:24:59Z" duration="0.000055" asserts="1" />
            <test-case id="1077" name="ExpectedFalse(86)" fullname="Open_Lab_01._01.Tests.ExpectedFalse(86)" methodname="ExpectedFalse" classname="Open_Lab_01._01.Tests" runstate="Runnable" seed="993398649" result="Passed" start-time="2021-09-30 18:24:59Z" end-time="2021-09-30 18:24:59Z" duration="0.000045" asserts="1" />
            <test-case id="1078" name="ExpectedFalse(87)" fullname="Open_Lab_01._01.Tests.ExpectedFalse(87)" methodname="ExpectedFalse" classname="Open_Lab_01._01.Tests" runstate="Runnable" seed="1021227601" result="Passed" start-time="2021-09-30 18:24:59Z" end-time="2021-09-30 18:24:59Z" duration="0.000058" asserts="1" />
            <test-case id="1079" name="ExpectedFalse(88)" fullname="Open_Lab_01._01.Tests.ExpectedFalse(88)" methodname="ExpectedFalse" classname="Open_Lab_01._01.Tests" runstate="Runnable" seed="298140630" result="Passed" start-time="2021-09-30 18:24:59Z" end-time="2021-09-30 18:24:59Z" duration="0.000044" asserts="1" />
            <test-case id="1080" name="ExpectedFalse(89)" fullname="Open_Lab_01._01.Tests.ExpectedFalse(89)" methodname="ExpectedFalse" classname="Open_Lab_01._01.Tests" runstate="Runnable" seed="1429448680" result="Passed" start-time="2021-09-30 18:24:59Z" end-time="2021-09-30 18:24:59Z" duration="0.000069" asserts="1" />
            <test-case id="1081" name="ExpectedFalse(90)" fullname="Open_Lab_01._01.Tests.ExpectedFalse(90)" methodname="ExpectedFalse" classname="Open_Lab_01._01.Tests" runstate="Runnable" seed="1326630835" result="Passed" start-time="2021-09-30 18:24:59Z" end-time="2021-09-30 18:24:59Z" duration="0.000044" asserts="1" />
            <test-case id="1082" name="ExpectedFalse(91)" fullname="Open_Lab_01._01.Tests.ExpectedFalse(91)" methodname="ExpectedFalse" classname="Open_Lab_01._01.Tests" runstate="Runnable" seed="1029198649" result="Passed" start-time="2021-09-30 18:24:59Z" end-time="2021-09-30 18:24:59Z" duration="0.000043" asserts="1" />
            <test-case id="1083" name="ExpectedFalse(92)" fullname="Open_Lab_01._01.Tests.ExpectedFalse(92)" methodname="ExpectedFalse" classname="Open_Lab_01._01.Tests" runstate="Runnable" seed="575861604" result="Passed" start-time="2021-09-30 18:24:59Z" end-time="2021-09-30 18:24:59Z" duration="0.000044" asserts="1" />
            <test-case id="1084" name="ExpectedFalse(93)" fullname="Open_Lab_01._01.Tests.ExpectedFalse(93)" methodname="ExpectedFalse" classname="Open_Lab_01._01.Tests" runstate="Runnable" seed="852112104" result="Passed" start-time="2021-09-30 18:24:59Z" end-time="2021-09-30 18:24:59Z" duration="0.000044" asserts="1" />
            <test-case id="1085" name="ExpectedFalse(94)" fullname="Open_Lab_01._01.Tests.ExpectedFalse(94)" methodname="ExpectedFalse" classname="Open_Lab_01._01.Tests" runstate="Runnable" seed="1487314744" result="Passed" start-time="2021-09-30 18:24:59Z" end-time="2021-09-30 18:24:59Z" duration="0.000055" asserts="1" />
            <test-case id="1086" name="ExpectedFalse(95)" fullname="Open_Lab_01._01.Tests.ExpectedFalse(95)" methodname="ExpectedFalse" classname="Open_Lab_01._01.Tests" runstate="Runnable" seed="1987658036" result="Passed" start-time="2021-09-30 18:24:59Z" end-time="2021-09-30 18:24:59Z" duration="0.000043" asserts="1" />
            <test-case id="1087" name="ExpectedFalse(96)" fullname="Open_Lab_01._01.Tests.ExpectedFalse(96)" methodname="ExpectedFalse" classname="Open_Lab_01._01.Tests" runstate="Runnable" seed="284802242" result="Passed" start-time="2021-09-30 18:24:59Z" end-time="2021-09-30 18:24:59Z" duration="0.000059" asserts="1" />
            <test-case id="1088" name="ExpectedFalse(97)" fullname="Open_Lab_01._01.Tests.ExpectedFalse(97)" methodname="ExpectedFalse" classname="Open_Lab_01._01.Tests" runstate="Runnable" seed="696431026" result="Passed" start-time="2021-09-30 18:24:59Z" end-time="2021-09-30 18:24:59Z" duration="0.000044" asserts="1" />
            <test-case id="1089" name="ExpectedFalse(98)" fullname="Open_Lab_01._01.Tests.ExpectedFalse(98)" methodname="ExpectedFalse" classname="Open_Lab_01._01.Tests" runstate="Runnable" seed="83975476" result="Passed" start-time="2021-09-30 18:24:59Z" end-time="2021-09-30 18:24:59Z" duration="0.000057" asserts="1" />
            <test-case id="1090" name="ExpectedFalse(99)" fullname="Open_Lab_01._01.Tests.ExpectedFalse(99)" methodname="ExpectedFalse" classname="Open_Lab_01._01.Tests" runstate="Runnable" seed="969935716" result="Passed" start-time="2021-09-30 18:24:59Z" end-time="2021-09-30 18:24:59Z" duration="0.000043" asserts="1" />
            <test-case id="1091" name="ExpectedFalse(100)" fullname="Open_Lab_01._01.Tests.ExpectedFalse(100)" methodname="ExpectedFalse" classname="Open_Lab_01._01.Tests" runstate="Runnable" seed="544657894" result="Passed" start-time="2021-09-30 18:24:59Z" end-time="2021-09-30 18:24:59Z" duration="0.000044" asserts="1" />
          </test-suite>
          <test-suite type="ParameterizedMethod" id="1203" name="ExpectedTrue" fullname="Open_Lab_01._01.Tests.ExpectedTrue" classname="Open_Lab_01._01.Tests" runstate="Runnable" testcasecount="110" result="Passed" start-time="2021-09-30 18:24:59Z" end-time="2021-09-30 18:24:59Z" duration="0.013746" total="110" passed="110" failed="0" warnings="0" inconclusive="0" skipped="0" asserts="110">
            <test-case id="1093" name="ExpectedTrue(-100)" fullname="Open_Lab_01._01.Tests.ExpectedTrue(-100)" methodname="ExpectedTrue" classname="Open_Lab_01._01.Tests" runstate="Runnable" seed="1485906556" result="Passed" start-time="2021-09-30 18:24:59Z" end-time="2021-09-30 18:24:59Z" duration="0.001277" asserts="1" />
            <test-case id="1094" name="ExpectedTrue(-99)" fullname="Open_Lab_01._01.Tests.ExpectedTrue(-99)" methodname="ExpectedTrue" classname="Open_Lab_01._01.Tests" runstate="Runnable" seed="1952498259" result="Passed" start-time="2021-09-30 18:24:59Z" end-time="2021-09-30 18:24:59Z" duration="0.000159" asserts="1" />
            <test-case id="1095" name="ExpectedTrue(-98)" fullname="Open_Lab_01._01.Tests.ExpectedTrue(-98)" methodname="ExpectedTrue" classname="Open_Lab_01._01.Tests" runstate="Runnable" seed="1051226662" result="Passed" start-time="2021-09-30 18:24:59Z" end-time="2021-09-30 18:24:59Z" duration="0.000064" asserts="1" />
            <test-case id="1096" name="ExpectedTrue(-97)" fullname="Open_Lab_01._01.Tests.ExpectedTrue(-97)" methodname="ExpectedTrue" classname="Open_Lab_01._01.Tests" runstate="Runnable" seed="268015695" result="Passed" start-time="2021-09-30 18:24:59Z" end-time="2021-09-30 18:24:59Z" duration="0.000059" asserts="1" />
            <test-case id="1097" name="ExpectedTrue(-96)" fullname="Open_Lab_01._01.Tests.ExpectedTrue(-96)" methodname="ExpectedTrue" classname="Open_Lab_01._01.Tests" runstate="Runnable" seed="1877912108" result="Passed" start-time="2021-09-30 18:24:59Z" end-time="2021-09-30 18:24:59Z" duration="0.000086" asserts="1" />
            <test-case id="1098" name="ExpectedTrue(-95)" fullname="Open_Lab_01._01.Tests.ExpectedTrue(-95)" methodname="ExpectedTrue" classname="Open_Lab_01._01.Tests" runstate="Runnable" seed="1709827669" result="Passed" start-time="2021-09-30 18:24:59Z" end-time="2021-09-30 18:24:59Z" duration="0.000058" asserts="1" />
            <test-case id="1099" name="ExpectedTrue(-94)" fullname="Open_Lab_01._01.Tests.ExpectedTrue(-94)" methodname="ExpectedTrue" classname="Open_Lab_01._01.Tests" runstate="Runnable" seed="623798478" result="Passed" start-time="2021-09-30 18:24:59Z" end-time="2021-09-30 18:24:59Z" duration="0.000072" asserts="1" />
            <test-case id="1100" name="ExpectedTrue(-93)" fullname="Open_Lab_01._01.Tests.ExpectedTrue(-93)" methodname="ExpectedTrue" classname="Open_Lab_01._01.Tests" runstate="Runnable" seed="1344844930" result="Passed" start-time="2021-09-30 18:24:59Z" end-time="2021-09-30 18:24:59Z" duration="0.000057" asserts="1" />
            <test-case id="1101" name="ExpectedTrue(-92)" fullname="Open_Lab_01._01.Tests.ExpectedTrue(-92)" methodname="ExpectedTrue" classname="Open_Lab_01._01.Tests" runstate="Runnable" seed="619355488" result="Passed" start-time="2021-09-30 18:24:59Z" end-time="2021-09-30 18:24:59Z" duration="0.000071" asserts="1" />
            <test-case id="1102" name="ExpectedTrue(-91)" fullname="Open_Lab_01._01.Tests.ExpectedTrue(-91)" methodname="ExpectedTrue" classname="Open_Lab_01._01.Tests" runstate="Runnable" seed="75603382" result="Passed" start-time="2021-09-30 18:24:59Z" end-time="2021-09-30 18:24:59Z" duration="0.000057" asserts="1" />
            <test-case id="1103" name="ExpectedTrue(-90)" fullname="Open_Lab_01._01.Tests.ExpectedTrue(-90)" methodname="ExpectedTrue" classname="Open_Lab_01._01.Tests" runstate="Runnable" seed="1361672808" result="Passed" start-time="2021-09-30 18:24:59Z" end-time="2021-09-30 18:24:59Z" duration="0.000056" asserts="1" />
            <test-case id="1104" name="ExpectedTrue(-89)" fullname="Open_Lab_01._01.Tests.ExpectedTrue(-89)" methodname="ExpectedTrue" classname="Open_Lab_01._01.Tests" runstate="Runnable" seed="470819013" result="Passed" start-time="2021-09-30 18:24:59Z" end-time="2021-09-30 18:24:59Z" duration="0.000070" asserts="1" />
            <test-case id="1105" name="ExpectedTrue(-88)" fullname="Open_Lab_01._01.Tests.ExpectedTrue(-88)" methodname="ExpectedTrue" classname="Open_Lab_01._01.Tests" runstate="Runnable" seed="1598874347" result="Passed" start-time="2021-09-30 18:24:59Z" end-time="2021-09-30 18:24:59Z" duration="0.000057" asserts="1" />
            <test-case id="1106" name="ExpectedTrue(-87)" fullname="Open_Lab_01._01.Tests.ExpectedTrue(-87)" methodname="ExpectedTrue" classname="Open_Lab_01._01.Tests" runstate="Runnable" seed="1347087775" result="Passed" start-time="2021-09-30 18:24:59Z" end-time="2021-09-30 18:24:59Z" duration="0.000070" asserts="1" />
            <test-case id="1107" name="ExpectedTrue(-86)" fullname="Open_Lab_01._01.Tests.ExpectedTrue(-86)" methodname="ExpectedTrue" classname="Open_Lab_01._01.Tests" runstate="Runnable" seed="671619835" result="Passed" start-time="2021-09-30 18:24:59Z" end-time="2021-09-30 18:24:59Z" duration="0.000056" asserts="1" />
            <test-case id="1108" name="ExpectedTrue(-85)" fullname="Open_Lab_01._01.Tests.ExpectedTrue(-85)" methodname="ExpectedTrue" classname="Open_Lab_01._01.Tests" runstate="Runnable" seed="507981080" result="Passed" start-time="2021-09-30 18:24:59Z" end-time="2021-09-30 18:24:59Z" duration="0.000071" asserts="1" />
            <test-case id="1109" name="ExpectedTrue(-84)" fullname="Open_Lab_01._01.Tests.ExpectedTrue(-84)" methodname="ExpectedTrue" classname="Open_Lab_01._01.Tests" runstate="Runnable" seed="850048633" result="Passed" start-time="2021-09-30 18:24:59Z" end-time="2021-09-30 18:24:59Z" duration="0.000056" asserts="1" />
            <test-case id="1110" name="ExpectedTrue(-83)" fullname="Open_Lab_01._01.Tests.ExpectedTrue(-83)" methodname="ExpectedTrue" classname="Open_Lab_01._01.Tests" runstate="Runnable" seed="802227759" result="Passed" start-time="2021-09-30 18:24:59Z" end-time="2021-09-30 18:24:59Z" duration="0.000057" asserts="1" />
            <test-case id="1111" name="ExpectedTrue(-82)" fullname="Open_Lab_01._01.Tests.ExpectedTrue(-82)" methodname="ExpectedTrue" classname="Open_Lab_01._01.Tests" runstate="Runnable" seed="80292289" result="Passed" start-time="2021-09-30 18:24:59Z" end-time="2021-09-30 18:24:59Z" duration="0.000056" asserts="1" />
            <test-case id="1112" name="ExpectedTrue(-81)" fullname="Open_Lab_01._01.Tests.ExpectedTrue(-81)" methodname="ExpectedTrue" classname="Open_Lab_01._01.Tests" runstate="Runnable" seed="1900564919" result="Passed" start-time="2021-09-30 18:24:59Z" end-time="2021-09-30 18:24:59Z" duration="0.000062" asserts="1" />
            <test-case id="1113" name="ExpectedTrue(-80)" fullname="Open_Lab_01._01.Tests.ExpectedTrue(-80)" methodname="ExpectedTrue" classname="Open_Lab_01._01.Tests" runstate="Runnable" seed="1241305156" result="Passed" start-time="2021-09-30 18:24:59Z" end-time="2021-09-30 18:24:59Z" duration="0.000069" asserts="1" />
            <test-case id="1114" name="ExpectedTrue(-79)" fullname="Open_Lab_01._01.Tests.ExpectedTrue(-79)" methodname="ExpectedTrue" classname="Open_Lab_01._01.Tests" runstate="Runnable" seed="617430413" result="Passed" start-time="2021-09-30 18:24:59Z" end-time="2021-09-30 18:24:59Z" duration="0.000056" asserts="1" />
            <test-case id="1115" name="ExpectedTrue(-78)" fullname="Open_Lab_01._01.Tests.ExpectedTrue(-78)" methodname="ExpectedTrue" classname="Open_Lab_01._01.Tests" runstate="Runnable" seed="2087022977" result="Passed" start-time="2021-09-30 18:24:59Z" end-time="2021-09-30 18:24:59Z" duration="0.000075" asserts="1" />
            <test-case id="1116" name="ExpectedTrue(-77)" fullname="Open_Lab_01._01.Tests.ExpectedTrue(-77)" methodname="ExpectedTrue" classname="Open_Lab_01._01.Tests" runstate="Runnable" seed="1934550851" result="Passed" start-time="2021-09-30 18:24:59Z" end-time="2021-09-30 18:24:59Z" duration="0.000056" asserts="1" />
            <test-case id="1117" name="ExpectedTrue(-76)" fullname="Open_Lab_01._01.Tests.ExpectedTrue(-76)" methodname="ExpectedTrue" classname="Open_Lab_01._01.Tests" runstate="Runnable" seed="1750554977" result="Passed" start-time="2021-09-30 18:24:59Z" end-time="2021-09-30 18:24:59Z" duration="0.000068" asserts="1" />
            <test-case id="1118" name="ExpectedTrue(-75)" fullname="Open_Lab_01._01.Tests.ExpectedTrue(-75)" methodname="ExpectedTrue" classname="Open_Lab_01._01.Tests" runstate="Runnable" seed="1594673731" result="Passed" start-time="2021-09-30 18:24:59Z" end-time="2021-09-30 18:24:59Z" duration="0.000057" asserts="1" />
            <test-case id="1119" name="ExpectedTrue(-74)" fullname="Open_Lab_01._01.Tests.ExpectedTrue(-74)" methodname="ExpectedTrue" classname="Open_Lab_01._01.Tests" runstate="Runnable" seed="1062757710" result="Passed" start-time="2021-09-30 18:24:59Z" end-time="2021-09-30 18:24:59Z" duration="0.000112" asserts="1" />
            <test-case id="1120" name="ExpectedTrue(-73)" fullname="Open_Lab_01._01.Tests.ExpectedTrue(-73)" methodname="ExpectedTrue" classname="Open_Lab_01._01.Tests" runstate="Runnable" seed="208775212" result="Passed" start-time="2021-09-30 18:24:59Z" end-time="2021-09-30 18:24:59Z" duration="0.000067" asserts="1" />
            <test-case id="1121" name="ExpectedTrue(-72)" fullname="Open_Lab_01._01.Tests.ExpectedTrue(-72)" methodname="ExpectedTrue" classname="Open_Lab_01._01.Tests" runstate="Runnable" seed="1583596253" result="Passed" start-time="2021-09-30 18:24:59Z" end-time="2021-09-30 18:24:59Z" duration="0.000068" asserts="1" />
            <test-case id="1122" name="ExpectedTrue(-71)" fullname="Open_Lab_01._01.Tests.ExpectedTrue(-71)" methodname="ExpectedTrue" classname="Open_Lab_01._01.Tests" runstate="Runnable" seed="1748793214" result="Passed" start-time="2021-09-30 18:24:59Z" end-time="2021-09-30 18:24:59Z" duration="0.000141" asserts="1" />
            <test-case id="1123" name="ExpectedTrue(-70)" fullname="Open_Lab_01._01.Tests.ExpectedTrue(-70)" methodname="ExpectedTrue" classname="Open_Lab_01._01.Tests" runstate="Runnable" seed="1791387231" result="Passed" start-time="2021-09-30 18:24:59Z" end-time="2021-09-30 18:24:59Z" duration="0.000130" asserts="1" />
            <test-case id="1124" name="ExpectedTrue(-69)" fullname="Open_Lab_01._01.Tests.ExpectedTrue(-69)" methodname="ExpectedTrue" classname="Open_Lab_01._01.Tests" runstate="Runnable" seed="611692494" result="Passed" start-time="2021-09-30 18:24:59Z" end-time="2021-09-30 18:24:59Z" duration="0.000102" asserts="1" />
            <test-case id="1125" name="ExpectedTrue(-68)" fullname="Open_Lab_01._01.Tests.ExpectedTrue(-68)" methodname="ExpectedTrue" classname="Open_Lab_01._01.Tests" runstate="Runnable" seed="195857342" result="Passed" start-time="2021-09-30 18:24:59Z" end-time="2021-09-30 18:24:59Z" duration="0.000102" asserts="1" />
            <test-case id="1126" name="ExpectedTrue(-67)" fullname="Open_Lab_01._01.Tests.ExpectedTrue(-67)" methodname="ExpectedTrue" classname="Open_Lab_01._01.Tests" runstate="Runnable" seed="217881025" result="Passed" start-time="2021-09-30 18:24:59Z" end-time="2021-09-30 18:24:59Z" duration="0.000122" asserts="1" />
            <test-case id="1127" name="ExpectedTrue(-66)" fullname="Open_Lab_01._01.Tests.ExpectedTrue(-66)" methodname="ExpectedTrue" classname="Open_Lab_01._01.Tests" runstate="Runnable" seed="1696761329" result="Passed" start-time="2021-09-30 18:24:59Z" end-time="2021-09-30 18:24:59Z" duration="0.000088" asserts="1" />
            <test-case id="1128" name="ExpectedTrue(-65)" fullname="Open_Lab_01._01.Tests.ExpectedTrue(-65)" methodname="ExpectedTrue" classname="Open_Lab_01._01.Tests" runstate="Runnable" seed="680240854" result="Passed" start-time="2021-09-30 18:24:59Z" end-time="2021-09-30 18:24:59Z" duration="0.000098" asserts="1" />
            <test-case id="1129" name="ExpectedTrue(-64)" fullname="Open_Lab_01._01.Tests.ExpectedTrue(-64)" methodname="ExpectedTrue" classname="Open_Lab_01._01.Tests" runstate="Runnable" seed="2038025871" result="Passed" start-time="2021-09-30 18:24:59Z" end-time="2021-09-30 18:24:59Z" duration="0.000089" asserts="1" />
            <test-case id="1130" name="ExpectedTrue(-63)" fullname="Open_Lab_01._01.Tests.ExpectedTrue(-63)" methodname="ExpectedTrue" classname="Open_Lab_01._01.Tests" runstate="Runnable" seed="1022949224" result="Passed" start-time="2021-09-30 18:24:59Z" end-time="2021-09-30 18:24:59Z" duration="0.000084" asserts="1" />
            <test-case id="1131" name="ExpectedTrue(-62)" fullname="Open_Lab_01._01.Tests.ExpectedTrue(-62)" methodname="ExpectedTrue" classname="Open_Lab_01._01.Tests" runstate="Runnable" seed="1285503024" result="Passed" start-time="2021-09-30 18:24:59Z" end-time="2021-09-30 18:24:59Z" duration="0.000083" asserts="1" />
            <test-case id="1132" name="ExpectedTrue(-61)" fullname="Open_Lab_01._01.Tests.ExpectedTrue(-61)" methodname="ExpectedTrue" classname="Open_Lab_01._01.Tests" runstate="Runnable" seed="702935845" result="Passed" start-time="2021-09-30 18:24:59Z" end-time="2021-09-30 18:24:59Z" duration="0.000082" asserts="1" />
            <test-case id="1133" name="ExpectedTrue(-60)" fullname="Open_Lab_01._01.Tests.ExpectedTrue(-60)" methodname="ExpectedTrue" classname="Open_Lab_01._01.Tests" runstate="Runnable" seed="881947777" result="Passed" start-time="2021-09-30 18:24:59Z" end-time="2021-09-30 18:24:59Z" duration="0.000120" asserts="1" />
            <test-case id="1134" name="ExpectedTrue(-59)" fullname="Open_Lab_01._01.Tests.ExpectedTrue(-59)" methodname="ExpectedTrue" classname="Open_Lab_01._01.Tests" runstate="Runnable" seed="567183404" result="Passed" start-time="2021-09-30 18:24:59Z" end-time="2021-09-30 18:24:59Z" duration="0.000082" asserts="1" />
            <test-case id="1135" name="ExpectedTrue(-58)" fullname="Open_Lab_01._01.Tests.ExpectedTrue(-58)" methodname="ExpectedTrue" classname="Open_Lab_01._01.Tests" runstate="Runnable" seed="431149430" result="Passed" start-time="2021-09-30 18:24:59Z" end-time="2021-09-30 18:24:59Z" duration="0.000096" asserts="1" />
            <test-case id="1136" name="ExpectedTrue(-57)" fullname="Open_Lab_01._01.Tests.ExpectedTrue(-57)" methodname="ExpectedTrue" classname="Open_Lab_01._01.Tests" runstate="Runnable" seed="134947090" result="Passed" start-time="2021-09-30 18:24:59Z" end-time="2021-09-30 18:24:59Z" duration="0.000085" asserts="1" />
            <test-case id="1137" name="ExpectedTrue(-56)" fullname="Open_Lab_01._01.Tests.ExpectedTrue(-56)" methodname="ExpectedTrue" classname="Open_Lab_01._01.Tests" runstate="Runnable" seed="1324800115" result="Passed" start-time="2021-09-30 18:24:59Z" end-time="2021-09-30 18:24:59Z" duration="0.000102" asserts="1" />
            <test-case id="1138" name="ExpectedTrue(-55)" fullname="Open_Lab_01._01.Tests.ExpectedTrue(-55)" methodname="ExpectedTrue" classname="Open_Lab_01._01.Tests" runstate="Runnable" seed="1213076825" result="Passed" start-time="2021-09-30 18:24:59Z" end-time="2021-09-30 18:24:59Z" duration="0.000123" asserts="1" />
            <test-case id="1139" name="ExpectedTrue(-54)" fullname="Open_Lab_01._01.Tests.ExpectedTrue(-54)" methodname="ExpectedTrue" classname="Open_Lab_01._01.Tests" runstate="Runnable" seed="1118857171" result="Passed" start-time="2021-09-30 18:24:59Z" end-time="2021-09-30 18:24:59Z" duration="0.000064" asserts="1" />
            <test-case id="1140" name="ExpectedTrue(-53)" fullname="Open_Lab_01._01.Tests.ExpectedTrue(-53)" methodname="ExpectedTrue" classname="Open_Lab_01._01.Tests" runstate="Runnable" seed="334148441" result="Passed" start-time="2021-09-30 18:24:59Z" end-time="2021-09-30 18:24:59Z" duration="0.000077" asserts="1" />
            <test-case id="1141" name="ExpectedTrue(-52)" fullname="Open_Lab_01._01.Tests.ExpectedTrue(-52)" methodname="ExpectedTrue" classname="Open_Lab_01._01.Tests" runstate="Runnable" seed="293018319" result="Passed" start-time="2021-09-30 18:24:59Z" end-time="2021-09-30 18:24:59Z" duration="0.000064" asserts="1" />
            <test-case id="1142" name="ExpectedTrue(-51)" fullname="Open_Lab_01._01.Tests.ExpectedTrue(-51)" methodname="ExpectedTrue" classname="Open_Lab_01._01.Tests" runstate="Runnable" seed="925602785" result="Passed" start-time="2021-09-30 18:24:59Z" end-time="2021-09-30 18:24:59Z" duration="0.000076" asserts="1" />
            <test-case id="1143" name="ExpectedTrue(-50)" fullname="Open_Lab_01._01.Tests.ExpectedTrue(-50)" methodname="ExpectedTrue" classname="Open_Lab_01._01.Tests" runstate="Runnable" seed="937412751" result="Passed" start-time="2021-09-30 18:24:59Z" end-time="2021-09-30 18:24:59Z" duration="0.000064" asserts="1" />
            <test-case id="1144" name="ExpectedTrue(-49)" fullname="Open_Lab_01._01.Tests.ExpectedTrue(-49)" methodname="ExpectedTrue" classname="Open_Lab_01._01.Tests" runstate="Runnable" seed="1117038745" result="Passed" start-time="2021-09-30 18:24:59Z" end-time="2021-09-30 18:24:59Z" duration="0.000074" asserts="1" />
            <test-case id="1145" name="ExpectedTrue(-48)" fullname="Open_Lab_01._01.Tests.ExpectedTrue(-48)" methodname="ExpectedTrue" classname="Open_Lab_01._01.Tests" runstate="Runnable" seed="489101609" result="Passed" start-time="2021-09-30 18:24:59Z" end-time="2021-09-30 18:24:59Z" duration="0.000064" asserts="1" />
            <test-case id="1146" name="ExpectedTrue(-47)" fullname="Open_Lab_01._01.Tests.ExpectedTrue(-47)" methodname="ExpectedTrue" classname="Open_Lab_01._01.Tests" runstate="Runnable" seed="1813721362" result="Passed" start-time="2021-09-30 18:24:59Z" end-time="2021-09-30 18:24:59Z" duration="0.000057" asserts="1" />
            <test-case id="1147" name="ExpectedTrue(-46)" fullname="Open_Lab_01._01.Tests.ExpectedTrue(-46)" methodname="ExpectedTrue" classname="Open_Lab_01._01.Tests" runstate="Runnable" seed="1519753123" result="Passed" start-time="2021-09-30 18:24:59Z" end-time="2021-09-30 18:24:59Z" duration="0.000057" asserts="1" />
            <test-case id="1148" name="ExpectedTrue(-45)" fullname="Open_Lab_01._01.Tests.ExpectedTrue(-45)" methodname="ExpectedTrue" classname="Open_Lab_01._01.Tests" runstate="Runnable" seed="868476143" result="Passed" start-time="2021-09-30 18:24:59Z" end-time="2021-09-30 18:24:59Z" duration="0.000056" asserts="1" />
            <test-case id="1149" name="ExpectedTrue(-44)" fullname="Open_Lab_01._01.Tests.ExpectedTrue(-44)" methodname="ExpectedTrue" classname="Open_Lab_01._01.Tests" runstate="Runnable" seed="2012958929" result="Passed" start-time="2021-09-30 18:24:59Z" end-time="2021-09-30 18:24:59Z" duration="0.000068" asserts="1" />
            <test-case id="1150" name="ExpectedTrue(-43)" fullname="Open_Lab_01._01.Tests.ExpectedTrue(-43)" methodname="ExpectedTrue" classname="Open_Lab_01._01.Tests" runstate="Runnable" seed="1264159458" result="Passed" start-time="2021-09-30 18:24:59Z" end-time="2021-09-30 18:24:59Z" duration="0.000057" asserts="1" />
            <test-case id="1151" name="ExpectedTrue(-42)" fullname="Open_Lab_01._01.Tests.ExpectedTrue(-42)" methodname="ExpectedTrue" classname="Open_Lab_01._01.Tests" runstate="Runnable" seed="664944365" result="Passed" start-time="2021-09-30 18:24:59Z" end-time="2021-09-30 18:24:59Z" duration="0.000081" asserts="1" />
            <test-case id="1152" name="ExpectedTrue(-41)" fullname="Open_Lab_01._01.Tests.ExpectedTrue(-41)" methodname="ExpectedTrue" classname="Open_Lab_01._01.Tests" runstate="Runnable" seed="283238377" result="Passed" start-time="2021-09-30 18:24:59Z" end-time="2021-09-30 18:24:59Z" duration="0.000057" asserts="1" />
            <test-case id="1153" name="ExpectedTrue(-40)" fullname="Open_Lab_01._01.Tests.ExpectedTrue(-40)" methodname="ExpectedTrue" classname="Open_Lab_01._01.Tests" runstate="Runnable" seed="647069959" result="Passed" start-time="2021-09-30 18:24:59Z" end-time="2021-09-30 18:24:59Z" duration="0.000069" asserts="1" />
            <test-case id="1154" name="ExpectedTrue(-39)" fullname="Open_Lab_01._01.Tests.ExpectedTrue(-39)" methodname="ExpectedTrue" classname="Open_Lab_01._01.Tests" runstate="Runnable" seed="415023266" result="Passed" start-time="2021-09-30 18:24:59Z" end-time="2021-09-30 18:24:59Z" duration="0.000057" asserts="1" />
            <test-case id="1155" name="ExpectedTrue(-38)" fullname="Open_Lab_01._01.Tests.ExpectedTrue(-38)" methodname="ExpectedTrue" classname="Open_Lab_01._01.Tests" runstate="Runnable" seed="1908732324" result="Passed" start-time="2021-09-30 18:24:59Z" end-time="2021-09-30 18:24:59Z" duration="0.000057" asserts="1" />
            <test-case id="1156" name="ExpectedTrue(-37)" fullname="Open_Lab_01._01.Tests.ExpectedTrue(-37)" methodname="ExpectedTrue" classname="Open_Lab_01._01.Tests" runstate="Runnable" seed="1018045921" result="Passed" start-time="2021-09-30 18:24:59Z" end-time="2021-09-30 18:24:59Z" duration="0.000060" asserts="1" />
            <test-case id="1157" name="ExpectedTrue(-36)" fullname="Open_Lab_01._01.Tests.ExpectedTrue(-36)" methodname="ExpectedTrue" classname="Open_Lab_01._01.Tests" runstate="Runnable" seed="431699798" result="Passed" start-time="2021-09-30 18:24:59Z" end-time="2021-09-30 18:24:59Z" duration="0.000056" asserts="1" />
            <test-case id="1158" name="ExpectedTrue(-35)" fullname="Open_Lab_01._01.Tests.ExpectedTrue(-35)" methodname="ExpectedTrue" classname="Open_Lab_01._01.Tests" runstate="Runnable" seed="749980314" result="Passed" start-time="2021-09-30 18:24:59Z" end-time="2021-09-30 18:24:59Z" duration="0.000066" asserts="1" />
            <test-case id="1159" name="ExpectedTrue(-34)" fullname="Open_Lab_01._01.Tests.ExpectedTrue(-34)" methodname="ExpectedTrue" classname="Open_Lab_01._01.Tests" runstate="Runnable" seed="274961671" result="Passed" start-time="2021-09-30 18:24:59Z" end-time="2021-09-30 18:24:59Z" duration="0.000056" asserts="1" />
            <test-case id="1160" name="ExpectedTrue(-33)" fullname="Open_Lab_01._01.Tests.ExpectedTrue(-33)" methodname="ExpectedTrue" classname="Open_Lab_01._01.Tests" runstate="Runnable" seed="1380993322" result="Passed" start-time="2021-09-30 18:24:59Z" end-time="2021-09-30 18:24:59Z" duration="0.000067" asserts="1" />
            <test-case id="1161" name="ExpectedTrue(-32)" fullname="Open_Lab_01._01.Tests.ExpectedTrue(-32)" methodname="ExpectedTrue" classname="Open_Lab_01._01.Tests" runstate="Runnable" seed="1797810093" result="Passed" start-time="2021-09-30 18:24:59Z" end-time="2021-09-30 18:24:59Z" duration="0.000057" asserts="1" />
            <test-case id="1162" name="ExpectedTrue(-31)" fullname="Open_Lab_01._01.Tests.ExpectedTrue(-31)" methodname="ExpectedTrue" classname="Open_Lab_01._01.Tests" runstate="Runnable" seed="2138862628" result="Passed" start-time="2021-09-30 18:24:59Z" end-time="2021-09-30 18:24:59Z" duration="0.000056" asserts="1" />
            <test-case id="1163" name="ExpectedTrue(-30)" fullname="Open_Lab_01._01.Tests.ExpectedTrue(-30)" methodname="ExpectedTrue" classname="Open_Lab_01._01.Tests" runstate="Runnable" seed="617438856" result="Passed" start-time="2021-09-30 18:24:59Z" end-time="2021-09-30 18:24:59Z" duration="0.000061" asserts="1" />
            <test-case id="1164" name="ExpectedTrue(-29)" fullname="Open_Lab_01._01.Tests.ExpectedTrue(-29)" methodname="ExpectedTrue" classname="Open_Lab_01._01.Tests" runstate="Runnable" seed="1974583056" result="Passed" start-time="2021-09-30 18:24:59Z" end-time="2021-09-30 18:24:59Z" duration="0.000056" asserts="1" />
            <test-case id="1165" name="ExpectedTrue(-28)" fullname="Open_Lab_01._01.Tests.ExpectedTrue(-28)" methodname="ExpectedTrue" classname="Open_Lab_01._01.Tests" runstate="Runnable" seed="1664208382" result="Passed" start-time="2021-09-30 18:24:59Z" end-time="2021-09-30 18:24:59Z" duration="0.000067" asserts="1" />
            <test-case id="1166" name="ExpectedTrue(-27)" fullname="Open_Lab_01._01.Tests.ExpectedTrue(-27)" methodname="ExpectedTrue" classname="Open_Lab_01._01.Tests" runstate="Runnable" seed="1524840091" result="Passed" start-time="2021-09-30 18:24:59Z" end-time="2021-09-30 18:24:59Z" duration="0.000056" asserts="1" />
            <test-case id="1167" name="ExpectedTrue(-26)" fullname="Open_Lab_01._01.Tests.ExpectedTrue(-26)" methodname="ExpectedTrue" classname="Open_Lab_01._01.Tests" runstate="Runnable" seed="1018617142" result="Passed" start-time="2021-09-30 18:24:59Z" end-time="2021-09-30 18:24:59Z" duration="0.000068" asserts="1" />
            <test-case id="1168" name="ExpectedTrue(-25)" fullname="Open_Lab_01._01.Tests.ExpectedTrue(-25)" methodname="ExpectedTrue" classname="Open_Lab_01._01.Tests" runstate="Runnable" seed="674121752" result="Passed" start-time="2021-09-30 18:24:59Z" end-time="2021-09-30 18:24:59Z" duration="0.000056" asserts="1" />
            <test-case id="1169" name="ExpectedTrue(-24)" fullname="Open_Lab_01._01.Tests.ExpectedTrue(-24)" methodname="ExpectedTrue" classname="Open_Lab_01._01.Tests" runstate="Runnable" seed="186280983" result="Passed" start-time="2021-09-30 18:24:59Z" end-time="2021-09-30 18:24:59Z" duration="0.000073" asserts="1" />
            <test-case id="1170" name="ExpectedTrue(-23)" fullname="Open_Lab_01._01.Tests.ExpectedTrue(-23)" methodname="ExpectedTrue" classname="Open_Lab_01._01.Tests" runstate="Runnable" seed="1952075887" result="Passed" start-time="2021-09-30 18:24:59Z" end-time="2021-09-30 18:24:59Z" duration="0.000057" asserts="1" />
            <test-case id="1171" name="ExpectedTrue(-22)" fullname="Open_Lab_01._01.Tests.ExpectedTrue(-22)" methodname="ExpectedTrue" classname="Open_Lab_01._01.Tests" runstate="Runnable" seed="609750736" result="Passed" start-time="2021-09-30 18:24:59Z" end-time="2021-09-30 18:24:59Z" duration="0.000112" asserts="1" />
            <test-case id="1172" name="ExpectedTrue(-21)" fullname="Open_Lab_01._01.Tests.ExpectedTrue(-21)" methodname="ExpectedTrue" classname="Open_Lab_01._01.Tests" runstate="Runnable" seed="537478152" result="Passed" start-time="2021-09-30 18:24:59Z" end-time="2021-09-30 18:24:59Z" duration="0.000068" asserts="1" />
            <test-case id="1173" name="ExpectedTrue(-20)" fullname="Open_Lab_01._01.Tests.ExpectedTrue(-20)" methodname="ExpectedTrue" classname="Open_Lab_01._01.Tests" runstate="Runnable" seed="475816560" result="Passed" start-time="2021-09-30 18:24:59Z" end-time="2021-09-30 18:24:59Z" duration="0.000064" asserts="1" />
            <test-case id="1174" name="ExpectedTrue(-19)" fullname="Open_Lab_01._01.Tests.ExpectedTrue(-19)" methodname="ExpectedTrue" classname="Open_Lab_01._01.Tests" runstate="Runnable" seed="728609269" result="Passed" start-time="2021-09-30 18:24:59Z" end-time="2021-09-30 18:24:59Z" duration="0.000078" asserts="1" />
            <test-case id="1175" name="ExpectedTrue(-18)" fullname="Open_Lab_01._01.Tests.ExpectedTrue(-18)" methodname="ExpectedTrue" classname="Open_Lab_01._01.Tests" runstate="Runnable" seed="2063240540" result="Passed" start-time="2021-09-30 18:24:59Z" end-time="2021-09-30 18:24:59Z" duration="0.000064" asserts="1" />
            <test-case id="1176" name="ExpectedTrue(-17)" fullname="Open_Lab_01._01.Tests.ExpectedTrue(-17)" methodname="ExpectedTrue" classname="Open_Lab_01._01.Tests" runstate="Runnable" seed="657993468" result="Passed" start-time="2021-09-30 18:24:59Z" end-time="2021-09-30 18:24:59Z" duration="0.000076" asserts="1" />
            <test-case id="1177" name="ExpectedTrue(-16)" fullname="Open_Lab_01._01.Tests.ExpectedTrue(-16)" methodname="ExpectedTrue" classname="Open_Lab_01._01.Tests" runstate="Runnable" seed="811380463" result="Passed" start-time="2021-09-30 18:24:59Z" end-time="2021-09-30 18:24:59Z" duration="0.000064" asserts="1" />
            <test-case id="1178" name="ExpectedTrue(-15)" fullname="Open_Lab_01._01.Tests.ExpectedTrue(-15)" methodname="ExpectedTrue" classname="Open_Lab_01._01.Tests" runstate="Runnable" seed="674348486" result="Passed" start-time="2021-09-30 18:24:59Z" end-time="2021-09-30 18:24:59Z" duration="0.000080" asserts="1" />
            <test-case id="1179" name="ExpectedTrue(-14)" fullname="Open_Lab_01._01.Tests.ExpectedTrue(-14)" methodname="ExpectedTrue" classname="Open_Lab_01._01.Tests" runstate="Runnable" seed="122590885" result="Passed" start-time="2021-09-30 18:24:59Z" end-time="2021-09-30 18:24:59Z" duration="0.000065" asserts="1" />
            <test-case id="1180" name="ExpectedTrue(-13)" fullname="Open_Lab_01._01.Tests.ExpectedTrue(-13)" methodname="ExpectedTrue" classname="Open_Lab_01._01.Tests" runstate="Runnable" seed="529619627" result="Passed" start-time="2021-09-30 18:24:59Z" end-time="2021-09-30 18:24:59Z" duration="0.000063" asserts="1" />
            <test-case id="1181" name="ExpectedTrue(-12)" fullname="Open_Lab_01._01.Tests.ExpectedTrue(-12)" methodname="ExpectedTrue" classname="Open_Lab_01._01.Tests" runstate="Runnable" seed="845611549" result="Passed" start-time="2021-09-30 18:24:59Z" end-time="2021-09-30 18:24:59Z" duration="0.000078" asserts="1" />
            <test-case id="1182" name="ExpectedTrue(-11)" fullname="Open_Lab_01._01.Tests.ExpectedTrue(-11)" methodname="ExpectedTrue" classname="Open_Lab_01._01.Tests" runstate="Runnable" seed="828285186" result="Passed" start-time="2021-09-30 18:24:59Z" end-time="2021-09-30 18:24:59Z" duration="0.000064" asserts="1" />
            <test-case id="1183" name="ExpectedTrue(-10)" fullname="Open_Lab_01._01.Tests.ExpectedTrue(-10)" methodname="ExpectedTrue" classname="Open_Lab_01._01.Tests" runstate="Runnable" seed="814765572" result="Passed" start-time="2021-09-30 18:24:59Z" end-time="2021-09-30 18:24:59Z" duration="0.000075" asserts="1" />
            <test-case id="1184" name="ExpectedTrue(-9)" fullname="Open_Lab_01._01.Tests.ExpectedTrue(-9)" methodname="ExpectedTrue" classname="Open_Lab_01._01.Tests" runstate="Runnable" seed="773866413" result="Passed" start-time="2021-09-30 18:24:59Z" end-time="2021-09-30 18:24:59Z" duration="0.000065" asserts="1" />
            <test-case id="1185" name="ExpectedTrue(-8)" fullname="Open_Lab_01._01.Tests.ExpectedTrue(-8)" methodname="ExpectedTrue" classname="Open_Lab_01._01.Tests" runstate="Runnable" seed="358004859" result="Passed" start-time="2021-09-30 18:24:59Z" end-time="2021-09-30 18:24:59Z" duration="0.000078" asserts="1" />
            <test-case id="1186" name="ExpectedTrue(-7)" fullname="Open_Lab_01._01.Tests.ExpectedTrue(-7)" methodname="ExpectedTrue" classname="Open_Lab_01._01.Tests" runstate="Runnable" seed="1002264647" result="Passed" start-time="2021-09-30 18:24:59Z" end-time="2021-09-30 18:24:59Z" duration="0.000065" asserts="1" />
            <test-case id="1187" name="ExpectedTrue(-6)" fullname="Open_Lab_01._01.Tests.ExpectedTrue(-6)" methodname="ExpectedTrue" classname="Open_Lab_01._01.Tests" runstate="Runnable" seed="55865886" result="Passed" start-time="2021-09-30 18:24:59Z" end-time="2021-09-30 18:24:59Z" duration="0.000064" asserts="1" />
            <test-case id="1188" name="ExpectedTrue(-5)" fullname="Open_Lab_01._01.Tests.ExpectedTrue(-5)" methodname="ExpectedTrue" classname="Open_Lab_01._01.Tests" runstate="Runnable" seed="466924511" result="Passed" start-time="2021-09-30 18:24:59Z" end-time="2021-09-30 18:24:59Z" duration="0.000066" asserts="1" />
            <test-case id="1189" name="ExpectedTrue(-4)" fullname="Open_Lab_01._01.Tests.ExpectedTrue(-4)" methodname="ExpectedTrue" classname="Open_Lab_01._01.Tests" runstate="Runnable" seed="805934727" result="Passed" start-time="2021-09-30 18:24:59Z" end-time="2021-09-30 18:24:59Z" duration="0.000063" asserts="1" />
            <test-case id="1190" name="ExpectedTrue(-3)" fullname="Open_Lab_01._01.Tests.ExpectedTrue(-3)" methodname="ExpectedTrue" classname="Open_Lab_01._01.Tests" runstate="Runnable" seed="1560587156" result="Passed" start-time="2021-09-30 18:24:59Z" end-time="2021-09-30 18:24:59Z" duration="0.000065" asserts="1" />
            <test-case id="1191" name="ExpectedTrue(-2)" fullname="Open_Lab_01._01.Tests.ExpectedTrue(-2)" methodname="ExpectedTrue" classname="Open_Lab_01._01.Tests" runstate="Runnable" seed="1850730939" result="Passed" start-time="2021-09-30 18:24:59Z" end-time="2021-09-30 18:24:59Z" duration="0.000492" asserts="1" />
            <test-case id="1192" name="ExpectedTrue(-1)" fullname="Open_Lab_01._01.Tests.ExpectedTrue(-1)" methodname="ExpectedTrue" classname="Open_Lab_01._01.Tests" runstate="Runnable" seed="574819801" result="Passed" start-time="2021-09-30 18:24:59Z" end-time="2021-09-30 18:24:59Z" duration="0.000177" asserts="1" />
            <test-case id="1193" name="ExpectedTrue(0)" fullname="Open_Lab_01._01.Tests.ExpectedTrue(0)" methodname="ExpectedTrue" classname="Open_Lab_01._01.Tests" runstate="Runnable" seed="938115154" result="Passed" start-time="2021-09-30 18:24:59Z" end-time="2021-09-30 18:24:59Z" duration="0.000084" asserts="1" />
            <test-case id="1194" name="ExpectedTrue(1)" fullname="Open_Lab_01._01.Tests.ExpectedTrue(1)" methodname="ExpectedTrue" classname="Open_Lab_01._01.Tests" runstate="Runnable" seed="1885347496" result="Passed" start-time="2021-09-30 18:24:59Z" end-time="2021-09-30 18:24:59Z" duration="0.000080" asserts="1" />
            <test-case id="1195" name="ExpectedTrue(2)" fullname="Open_Lab_01._01.Tests.ExpectedTrue(2)" methodname="ExpectedTrue" classname="Open_Lab_01._01.Tests" runstate="Runnable" seed="683821995" result="Passed" start-time="2021-09-30 18:24:59Z" end-time="2021-09-30 18:24:59Z" duration="0.000063" asserts="1" />
            <test-case id="1196" name="ExpectedTrue(3)" fullname="Open_Lab_01._01.Tests.ExpectedTrue(3)" methodname="ExpectedTrue" classname="Open_Lab_01._01.Tests" runstate="Runnable" seed="301639338" result="Passed" start-time="2021-09-30 18:24:59Z" end-time="2021-09-30 18:24:59Z" duration="0.000081" asserts="1" />
            <test-case id="1197" name="ExpectedTrue(4)" fullname="Open_Lab_01._01.Tests.ExpectedTrue(4)" methodname="ExpectedTrue" classname="Open_Lab_01._01.Tests" runstate="Runnable" seed="308163929" result="Passed" start-time="2021-09-30 18:24:59Z" end-time="2021-09-30 18:24:59Z" duration="0.000057" asserts="1" />
            <test-case id="1198" name="ExpectedTrue(5)" fullname="Open_Lab_01._01.Tests.ExpectedTrue(5)" methodname="ExpectedTrue" classname="Open_Lab_01._01.Tests" runstate="Runnable" seed="1110313342" result="Passed" start-time="2021-09-30 18:24:59Z" end-time="2021-09-30 18:24:59Z" duration="0.000067" asserts="1" />
            <test-case id="1199" name="ExpectedTrue(6)" fullname="Open_Lab_01._01.Tests.ExpectedTrue(6)" methodname="ExpectedTrue" classname="Open_Lab_01._01.Tests" runstate="Runnable" seed="1600314010" result="Passed" start-time="2021-09-30 18:24:59Z" end-time="2021-09-30 18:24:59Z" duration="0.000056" asserts="1" />
            <test-case id="1200" name="ExpectedTrue(7)" fullname="Open_Lab_01._01.Tests.ExpectedTrue(7)" methodname="ExpectedTrue" classname="Open_Lab_01._01.Tests" runstate="Runnable" seed="1111745165" result="Passed" start-time="2021-09-30 18:24:59Z" end-time="2021-09-30 18:24:59Z" duration="0.000063" asserts="1" />
            <test-case id="1201" name="ExpectedTrue(8)" fullname="Open_Lab_01._01.Tests.ExpectedTrue(8)" methodname="ExpectedTrue" classname="Open_Lab_01._01.Tests" runstate="Runnable" seed="795104220" result="Passed" start-time="2021-09-30 18:24:59Z" end-time="2021-09-30 18:24:59Z" duration="0.000065" asserts="1" />
            <test-case id="1202" name="ExpectedTrue(9)" fullname="Open_Lab_01._01.Tests.ExpectedTrue(9)" methodname="ExpectedTrue" classname="Open_Lab_01._01.Tests" runstate="Runnable" seed="845631371" result="Passed" start-time="2021-09-30 18:24:59Z" end-time="2021-09-30 18:24:59Z" duration="0.000056" asserts="1" />
          </test-suite>
        </test-suite>
      </test-suite>
    </test-suite>
  </test-suite>
</test-run>